{
  "stats": {
    "suites": 1,
    "tests": 1,
    "passes": 0,
    "pending": 0,
    "failures": 1,
    "start": "2024-01-03T06:08:06.931Z",
    "end": "2024-01-03T06:08:07.156Z",
    "duration": 225,
    "testsRegistered": 3,
    "passPercent": 0,
    "pendingPercent": 0,
    "other": 0,
    "hasOther": false,
    "skipped": 2,
    "hasSkipped": true
  },
  "results": [
    {
      "uuid": "12b91af3-ed94-4375-8405-1015678efdfe",
      "title": "",
      "fullFile": "cypress/e2e/Conduit App/Articles/errorsTests.cy.js",
      "file": "cypress/e2e/Conduit App/Articles/errorsTests.cy.js",
      "beforeHooks": [],
      "afterHooks": [],
      "tests": [],
      "suites": [
        {
          "uuid": "d236435e-21f4-47f2-bdb2-f846f7cb2478",
          "title": "Verifying the error messages appear as expected on the New Article Page",
          "fullFile": "",
          "file": "",
          "beforeHooks": [],
          "afterHooks": [],
          "tests": [
            {
              "title": "Error Appears when Article Title is Missing",
              "fullTitle": "Verifying the error messages appear as expected on the New Article Page Error Appears when Article Title is Missing",
              "timedOut": null,
              "duration": 201,
              "state": "failed",
              "speed": null,
              "pass": false,
              "fail": true,
              "pending": false,
              "context": null,
              "code": "cy.get(\".nav-link\").contains(\"New Article\").click();\ncy.get(\".btn\").contains(\"Publish Article\").click();\ncy.wait(\"@articles\").its(\"response.statusCode\").should(\"eq\", 422);\ncy.get(\".error-messages\").should(\"contain\", \"title can't be blank\");",
              "err": {
                "message": "TypeError: cy.loginConduit is not a function\n\nBecause this error occurred during a `before each` hook we are skipping all of the remaining tests.",
                "estack": "TypeError: cy.loginConduit is not a function\n\nBecause this error occurred during a `before each` hook we are skipping all of the remaining tests.\n    at Context.eval (https://demo.realworld.io/__cypress/tests?p=cypress/e2e/Conduit%20App/Articles/errorsTests.cy.js:5:8)",
                "diff": null
              },
              "uuid": "f9e0ebc4-1b98-42a1-8cdc-d0367c47f035",
              "parentUUID": "d236435e-21f4-47f2-bdb2-f846f7cb2478",
              "isHook": false,
              "skipped": false
            },
            {
              "title": "Error Appears when Article Description is Missing",
              "fullTitle": "Verifying the error messages appear as expected on the New Article Page Error Appears when Article Description is Missing",
              "timedOut": null,
              "duration": 0,
              "state": "skipped",
              "speed": null,
              "pass": false,
              "fail": false,
              "pending": false,
              "context": null,
              "code": "cy.get(\".nav-link\").contains(\"New Article\").click();\ncy.get('input[placeholder=\"Article Title\"]').type(\"Error Test\");\ncy.get(\".btn\").contains(\"Publish Article\").click();\ncy.wait(\"@articles\").its(\"response.statusCode\").should(\"eq\", 422);\ncy.get(\".error-messages\").should(\"contain\", \"description can't be blank\");",
              "err": {},
              "uuid": "0b953631-2277-4364-8a85-14a661eebd2c",
              "parentUUID": "d236435e-21f4-47f2-bdb2-f846f7cb2478",
              "isHook": false,
              "skipped": true
            },
            {
              "title": "Error Appears when Article Body is Missing",
              "fullTitle": "Verifying the error messages appear as expected on the New Article Page Error Appears when Article Body is Missing",
              "timedOut": null,
              "duration": 0,
              "state": "skipped",
              "speed": null,
              "pass": false,
              "fail": false,
              "pending": false,
              "context": null,
              "code": "cy.get(\".nav-link\").contains(\"New Article\").click();\ncy.get('input[placeholder=\"Article Title\"]').type(\"Error Test\");\ncy.get(`input[placeholder=\"What's this article about?\"]`).type(\"Error Test Description\");\ncy.get(\".btn\").contains(\"Publish Article\").click();\ncy.wait(\"@articles\").its(\"response.statusCode\").should(\"eq\", 422);\ncy.get(\".error-messages\").should(\"contain\", \"body can't be blank\");",
              "err": {},
              "uuid": "629b263e-d89a-45b5-9acb-6c32545dcb30",
              "parentUUID": "d236435e-21f4-47f2-bdb2-f846f7cb2478",
              "isHook": false,
              "skipped": true
            }
          ],
          "suites": [],
          "passes": [],
          "failures": [
            "f9e0ebc4-1b98-42a1-8cdc-d0367c47f035"
          ],
          "pending": [],
          "skipped": [
            "0b953631-2277-4364-8a85-14a661eebd2c",
            "629b263e-d89a-45b5-9acb-6c32545dcb30"
          ],
          "duration": 201,
          "root": false,
          "rootEmpty": false,
          "_timeout": 2000
        }
      ],
      "passes": [],
      "failures": [],
      "pending": [],
      "skipped": [],
      "duration": 0,
      "root": true,
      "rootEmpty": true,
      "_timeout": 2000
    }
  ],
  "meta": {
    "mocha": {
      "version": "7.0.1"
    },
    "mochawesome": {
      "options": {
        "quiet": false,
        "reportFilename": "mochawesome",
        "saveHtml": false,
        "saveJson": true,
        "consoleReporter": "spec",
        "useInlineDiffs": false,
        "code": true
      },
      "version": "7.1.3"
    },
    "marge": {
      "options": {
        "overwrite": false,
        "html": false,
        "json": true,
        "reportDir": "cypress/reports/html/.jsons"
      },
      "version": "6.2.0"
    }
  }
}